<?xml version="1.0" encoding="UTF-8"?>
<testsuite xmlns:xsi="http://www.w3.org/2001/XMLSchema-instance" xsi:noNamespaceSchemaLocation="https://maven.apache.org/surefire/maven-surefire-plugin/xsd/surefire-test-report-3.0.xsd" version="3.0" name="com.crazytime.controller.WalletControllerTest" time="4.845" tests="15" errors="0" skipped="0" failures="0">
  <properties>
[...]
</properties>
  <testcase name="testPlaceBetNotLoggedIn" classname="com.crazytime.controller.WalletControllerTest" time="2.751"/>
  <testcase name="testRegisterExistingUser" classname="com.crazytime.controller.WalletControllerTest" time="0.189"/>
  <testcase name="testPlaceBetInvalidSegment" classname="com.crazytime.controller.WalletControllerTest" time="0.143"/>
  <testcase name="testRegisterInvalidBalance" classname="com.crazytime.controller.WalletControllerTest" time="0.149"/>
  <testcase name="testGetHistorySuccess" classname="com.crazytime.controller.WalletControllerTest" time="0.276"/>
  <testcase name="testRegisterBlankUsername" classname="com.crazytime.controller.WalletControllerTest" time="0.089"/>
  <testcase name="testPlaceBetZeroAmount" classname="com.crazytime.controller.WalletControllerTest" time="0.072"/>
  <testcase name="testPlaceBetUserNotFound" classname="com.crazytime.controller.WalletControllerTest" time="0.061"/>
  <testcase name="testGetBalanceSuccess" classname="com.crazytime.controller.WalletControllerTest" time="0.024"/>
  <testcase name="testPlaceBetSuccess" classname="com.crazytime.controller.WalletControllerTest" time="0.248">
    <system-out><![CDATA[08:20:27.461 [main] INFO com.crazytime.controller.WalletController -- Bet inviata a RabbitMQ: {"username":"testuser","amount":20,00,"segment":"Pachinko"}
]]></system-out>
  </testcase>
  <testcase name="testRegisterShortPassword" classname="com.crazytime.controller.WalletControllerTest" time="0.017"/>
  <testcase name="testGetBalanceUserNotFound" classname="com.crazytime.controller.WalletControllerTest" time="0.022"/>
  <testcase name="testRegisterNewUser" classname="com.crazytime.controller.WalletControllerTest" time="0.099">
    <system-out><![CDATA[08:20:27.611 [main] INFO com.crazytime.controller.WalletController -- Nuovo utente registrato: testuser con saldo 100.00
]]></system-out>
  </testcase>
  <testcase name="testPlaceBetInsufficientFunds" classname="com.crazytime.controller.WalletControllerTest" time="0.238"/>
  <testcase name="testGetHistoryUserNotFound" classname="com.crazytime.controller.WalletControllerTest" time="0.018"/>
</testsuite>